<?xml version="1.0" encoding="UTF-8"?>
<!-- Generated by org.testng.reporters.JUnitXMLReporter -->
<testsuite ignored="0" hostname="MAHFUJ-1B5SPLO" failures="0" tests="4" name="Default test" time="30.184" errors="0" timestamp="2020-07-03T22:45:48 EDT">
  <testcase classname="june28Test.ExtendsPra1" name="appleMacTest" time="0.067"/>
  <testcase classname="june28Test.ExtendsPra1" name="appleiPadTest" time="0.046"/>
  <testcase classname="june28Test.ExtendsPra1" name="appleiPhoneTest" time="0.057"/>
  <testcase classname="june28Test.ExtendsPra1" name="appleSearchTest" time="0.056"/>
</testsuite> <!-- Default test -->
