<?xml version="1.0" encoding="UTF-8"?>
<!-- Generated by org.testng.reporters.JUnitXMLReporter -->
<testsuite ignored="0" hostname="MAHFUJ-1B5SPLO" failures="0" tests="3" name="Default test" time="23.931" errors="0" timestamp="2020-07-10T20:04:56 EDT">
  <testcase classname="june28Test.SkipDisableTryCatch" name="SkipWatchTest" time="0.035">
    <skipped/>
  </testcase> <!-- SkipWatchTest -->
  <testcase classname="june28Test.SkipDisableTryCatch" name="distableTVTest" time="0.037"/>
  <testcase classname="june28Test.SkipDisableTryCatch" name="tryCatchWatchTest" time="0.033"/>
</testsuite> <!-- Default test -->
