<?xml version="1.0" encoding="UTF-8"?>
<testng-results ignored="0" total="3" passed="2" failed="0" skipped="1">
  <reporter-output>
  </reporter-output>
  <suite started-at="2020-07-10T20:04:33 EDT" name="Default suite" finished-at="2020-07-10T20:04:56 EDT" duration-ms="23931">
    <groups>
    </groups>
    <test started-at="2020-07-10T20:04:33 EDT" name="Default test" finished-at="2020-07-10T20:04:56 EDT" duration-ms="23931">
      <class name="june28Test.SkipDisableTryCatch">
        <test-method is-config="true" signature="dbConnect()[pri:0, instance:june28Test.SkipDisableTryCatch@2133814f]" started-at="2020-07-10T20:04:32 EDT" name="dbConnect" finished-at="2020-07-10T20:04:33 EDT" duration-ms="44" status="PASS">
          <reporter-output>
          </reporter-output>
        </test-method> <!-- dbConnect -->
        <test-method is-config="true" signature="openBrowser()[pri:0, instance:june28Test.SkipDisableTryCatch@2133814f]" started-at="2020-07-10T20:04:33 EDT" name="openBrowser" finished-at="2020-07-10T20:04:44 EDT" duration-ms="11386" status="PASS">
          <reporter-output>
          </reporter-output>
        </test-method> <!-- openBrowser -->
        <test-method signature="SkipWatchTest()[pri:4, instance:june28Test.SkipDisableTryCatch@2133814f]" started-at="2020-07-10T20:04:44 EDT" name="SkipWatchTest" finished-at="2020-07-10T20:04:44 EDT" duration-ms="35" status="SKIP">
          <exception class="org.testng.SkipException">
            <message>
              <![CDATA[skipping this test because business requiment is changed. Here is the JIRA Ticket # AP-001]]>
            </message>
            <full-stacktrace>
              <![CDATA[org.testng.SkipException: skipping this test because business requiment is changed. Here is the JIRA Ticket # AP-001
at june28Test.SkipDisableTryCatch.SkipWatchTest(SkipDisableTryCatch.java:14)
at java.base/jdk.internal.reflect.NativeMethodAccessorImpl.invoke0(Native Method)
at java.base/jdk.internal.reflect.NativeMethodAccessorImpl.invoke(NativeMethodAccessorImpl.java:62)
at java.base/jdk.internal.reflect.DelegatingMethodAccessorImpl.invoke(DelegatingMethodAccessorImpl.java:43)
at java.base/java.lang.reflect.Method.invoke(Method.java:567)
at org.testng.internal.MethodInvocationHelper.invokeMethod(MethodInvocationHelper.java:135)
at org.testng.internal.TestInvoker.invokeMethod(TestInvoker.java:598)
at org.testng.internal.TestInvoker.invokeTestMethod(TestInvoker.java:174)
at org.testng.internal.MethodRunner.runInSequence(MethodRunner.java:46)
at org.testng.internal.TestInvoker$MethodInvocationAgent.invoke(TestInvoker.java:821)
at org.testng.internal.TestInvoker.invokeTestMethods(TestInvoker.java:147)
at org.testng.internal.TestMethodWorker.invokeTestMethods(TestMethodWorker.java:146)
at org.testng.internal.TestMethodWorker.run(TestMethodWorker.java:128)
at java.base/java.util.ArrayList.forEach(ArrayList.java:1507)
at org.testng.TestRunner.privateRun(TestRunner.java:767)
at org.testng.TestRunner.run(TestRunner.java:588)
at org.testng.SuiteRunner.runTest(SuiteRunner.java:384)
at org.testng.SuiteRunner.runSequentially(SuiteRunner.java:378)
at org.testng.SuiteRunner.privateRun(SuiteRunner.java:337)
at org.testng.SuiteRunner.run(SuiteRunner.java:286)
at org.testng.SuiteRunnerWorker.runSuite(SuiteRunnerWorker.java:53)
at org.testng.SuiteRunnerWorker.run(SuiteRunnerWorker.java:96)
at org.testng.TestNG.runSuitesSequentially(TestNG.java:1214)
at org.testng.TestNG.runSuitesLocally(TestNG.java:1136)
at org.testng.TestNG.runSuites(TestNG.java:1066)
at org.testng.TestNG.run(TestNG.java:1034)
at org.testng.remote.AbstractRemoteTestNG.run(AbstractRemoteTestNG.java:115)
at org.testng.remote.RemoteTestNG.initAndRun(RemoteTestNG.java:251)
at org.testng.remote.RemoteTestNG.main(RemoteTestNG.java:77)
]]>
            </full-stacktrace>
          </exception> <!-- org.testng.SkipException -->
          <reporter-output>
          </reporter-output>
        </test-method> <!-- SkipWatchTest -->
        <test-method is-config="true" signature="closeBrowser()[pri:0, instance:june28Test.SkipDisableTryCatch@2133814f]" started-at="2020-07-10T20:04:44 EDT" name="closeBrowser" finished-at="2020-07-10T20:04:44 EDT" duration-ms="57" status="PASS">
          <reporter-output>
          </reporter-output>
        </test-method> <!-- closeBrowser -->
        <test-method is-config="true" signature="openBrowser()[pri:0, instance:june28Test.SkipDisableTryCatch@2133814f]" started-at="2020-07-10T20:04:44 EDT" name="openBrowser" finished-at="2020-07-10T20:04:50 EDT" duration-ms="6242" status="PASS">
          <reporter-output>
          </reporter-output>
        </test-method> <!-- openBrowser -->
        <test-method signature="distableTVTest()[pri:5, instance:june28Test.SkipDisableTryCatch@2133814f]" started-at="2020-07-10T20:04:50 EDT" name="distableTVTest" finished-at="2020-07-10T20:04:50 EDT" duration-ms="37" status="PASS">
          <reporter-output>
          </reporter-output>
        </test-method> <!-- distableTVTest -->
        <test-method is-config="true" signature="closeBrowser()[pri:0, instance:june28Test.SkipDisableTryCatch@2133814f]" started-at="2020-07-10T20:04:50 EDT" name="closeBrowser" finished-at="2020-07-10T20:04:50 EDT" duration-ms="69" status="PASS">
          <reporter-output>
          </reporter-output>
        </test-method> <!-- closeBrowser -->
        <test-method is-config="true" signature="openBrowser()[pri:0, instance:june28Test.SkipDisableTryCatch@2133814f]" started-at="2020-07-10T20:04:50 EDT" name="openBrowser" finished-at="2020-07-10T20:04:56 EDT" duration-ms="5975" status="PASS">
          <reporter-output>
          </reporter-output>
        </test-method> <!-- openBrowser -->
        <test-method signature="tryCatchWatchTest()[pri:6, instance:june28Test.SkipDisableTryCatch@2133814f]" started-at="2020-07-10T20:04:56 EDT" name="tryCatchWatchTest" finished-at="2020-07-10T20:04:56 EDT" duration-ms="33" status="PASS">
          <reporter-output>
          </reporter-output>
        </test-method> <!-- tryCatchWatchTest -->
        <test-method is-config="true" signature="closeBrowser()[pri:0, instance:june28Test.SkipDisableTryCatch@2133814f]" started-at="2020-07-10T20:04:56 EDT" name="closeBrowser" finished-at="2020-07-10T20:04:56 EDT" duration-ms="56" status="PASS">
          <reporter-output>
          </reporter-output>
        </test-method> <!-- closeBrowser -->
        <test-method is-config="true" signature="teardown()[pri:0, instance:june28Test.SkipDisableTryCatch@2133814f]" started-at="2020-07-10T20:04:56 EDT" name="teardown" finished-at="2020-07-10T20:04:57 EDT" duration-ms="544" status="PASS">
          <reporter-output>
          </reporter-output>
        </test-method> <!-- teardown -->
      </class> <!-- june28Test.SkipDisableTryCatch -->
    </test> <!-- Default test -->
  </suite> <!-- Default suite -->
</testng-results>
