<?xml version="1.0" encoding="UTF-8"?>
<testng-results ignored="0" total="2" passed="2" failed="0" skipped="0">
  <reporter-output>
  </reporter-output>
  <suite started-at="2020-06-23T23:10:18 EDT" name="Default suite" finished-at="2020-06-23T23:10:40 EDT" duration-ms="22526">
    <groups>
    </groups>
    <test started-at="2020-06-23T23:10:18 EDT" name="Default test" finished-at="2020-06-23T23:10:40 EDT" duration-ms="22526">
      <class name="onceagain.OnceAgain">
        <test-method is-config="true" signature="openBrowser()[pri:0, instance:onceagain.OnceAgain@402e37bc]" started-at="2020-06-23T23:10:18 EDT" name="openBrowser" finished-at="2020-06-23T23:10:31 EDT" duration-ms="13712" status="PASS">
          <reporter-output>
          </reporter-output>
        </test-method> <!-- openBrowser -->
        <test-method signature="signinFBTest()[pri:0, instance:onceagain.OnceAgain@402e37bc]" started-at="2020-06-23T23:10:31 EDT" name="signinFBTest" finished-at="2020-06-23T23:10:32 EDT" duration-ms="360" status="PASS">
          <reporter-output>
          </reporter-output>
        </test-method> <!-- signinFBTest -->
        <test-method signature="signupFBTest()[pri:0, instance:onceagain.OnceAgain@402e37bc]" started-at="2020-06-23T23:10:32 EDT" name="signupFBTest" finished-at="2020-06-23T23:10:36 EDT" duration-ms="4093" status="PASS">
          <reporter-output>
          </reporter-output>
        </test-method> <!-- signupFBTest -->
        <test-method is-config="true" signature="closeBrowser()[pri:0, instance:onceagain.OnceAgain@402e37bc]" started-at="2020-06-23T23:10:36 EDT" name="closeBrowser" finished-at="2020-06-23T23:10:40 EDT" duration-ms="4325" status="PASS">
          <reporter-output>
          </reporter-output>
        </test-method> <!-- closeBrowser -->
      </class> <!-- onceagain.OnceAgain -->
    </test> <!-- Default test -->
  </suite> <!-- Default suite -->
</testng-results>
